Pushing from drawing algorithm 

Green squares 

Red squares 

Pushing from NakedPair algorithm, horizontal find 

Green squares 
Row 0 col 3 val 5
Row 0 col 6 val 5
Row 0 col 3 val 7
Row 0 col 6 val 7
Green squares 
Row 0 col 0 val 2

Pushing to colored rectangles from button 
Pushing green Row 0 col 3 val 5
Pushing green Row 0 col 6 val 5
Pushing green Row 0 col 3 val 7
Pushing green Row 0 col 6 val 7
Pushing red Row 0 col 0 val 5

Pushing from drawing algorithm 

Green squares 
Row 0 col 3 val 5
Row 0 col 6 val 5
Row 0 col 3 val 7
Row 0 col 6 val 7

Red squares 
Row 0 col 3 val 5

Pushing from drawing algorithm 

Green squares 

Red squares 

Pushing from NakedPair algorithm, horizontal find 

Green squares 
Row 7 col 4 val 2
Row 7 col 6 val 2
Row 7 col 4 val 7
Row 7 col 6 val 7
Green squares 
Row 7 col 7 val 2

Pushing to colored rectangles from button 
Pushing green Row 7 col 4 val 2
Pushing green Row 7 col 6 val 2
Pushing green Row 7 col 4 val 7
Pushing green Row 7 col 6 val 7
Pushing red Row 7 col 7 val 2

Pushing from drawing algorithm 

Green squares 
Row 7 col 4 val 2
Row 7 col 6 val 2
Row 7 col 4 val 7
Row 7 col 6 val 7

Red squares 
Row 7 col 7 val 2

Pushing from drawing algorithm 

Green squares 

Red squares 

Pushing from NakedPair algorithm, horizontal find 

Green squares 
Row 7 col 4 val 2
Row 7 col 6 val 2
Row 7 col 4 val 7
Row 7 col 6 val 7
Green squares 
Row 7 col 7 val 2

Pushing to colored rectangles from button 
Pushing green Row 7 col 4 val 2
Pushing green Row 7 col 6 val 2
Pushing green Row 7 col 4 val 7
Pushing green Row 7 col 6 val 7
Pushing red Row 7 col 7 val 2

Pushing from drawing algorithm 

Green squares 
Row 7 col 4 val 2
Row 7 col 6 val 2
Row 7 col 4 val 7
Row 7 col 6 val 7

Red squares 
Row 7 col 7 val 2

Pushing from drawing algorithm 

Green squares 

Red squares 

Pushing from NakedPair algorithm, horizontal find 

Green squares 
Row 7 col 4 val 2
Row 7 col 6 val 2
Row 7 col 4 val 7
Row 7 col 6 val 7
Green squares 
Row 7 col 7 val 2

Pushing to colored rectangles from button 
Pushing green Row 7 col 4 val 2
Pushing green Row 7 col 6 val 2
Pushing green Row 7 col 4 val 7
Pushing green Row 7 col 6 val 7
Pushing red Row 7 col 7 val 2

Pushing from drawing algorithm 

Green squares 
Row 7 col 4 val 2
Row 7 col 6 val 2
Row 7 col 4 val 7
Row 7 col 6 val 7

Red squares 
Row 7 col 7 val 2

Pushing from drawing algorithm 

Green squares 

Red squares 

Pushing from drawing algorithm 

Green squares 

Red squares 

Pushing from drawing algorithm 

Green squares 

Red squares 

Pushing from drawing algorithm 

Green squares 

Red squares 

Pushing from drawing algorithm 

Green squares 

Red squares 

Pushing from NakedPair algorithm, vertical find 

Green squares 
Row 1 col 0 val 2
Row 7 col 0 val 2
Row 1 col 0 val 6
Row 7 col 0 val 6
Green squares 
Row 0 col 0 val 2

Pushing to colored rectangles from button 
Pushing green Row 1 col 0 val 2
Pushing green Row 7 col 0 val 2
Pushing green Row 1 col 0 val 6
Pushing green Row 7 col 0 val 6
Pushing red Row 0 col 0 val 2

Pushing from drawing algorithm 

Green squares 
Row 1 col 0 val 2
Row 7 col 0 val 2
Row 1 col 0 val 6
Row 7 col 0 val 6

Red squares 
Row 0 col 0 val 2

Pushing from drawing algorithm 

Green squares 
Row 1 col 0 val 2
Row 7 col 0 val 2
Row 1 col 0 val 6
Row 7 col 0 val 6

Red squares 
Row 0 col 0 val 2

Pushing from drawing algorithm 

Green squares 

Red squares 

Pushing from NakedPair algorithm, horizontal find 

Green squares 
Row 4 col 0 val 2
Row 4 col 4 val 2
Row 4 col 0 val 4
Row 4 col 4 val 4
Green squares 
Row 4 col 1 val 2

Pushing to colored rectangles from button 
Pushing green Row 4 col 0 val 2
Pushing green Row 4 col 4 val 2
Pushing green Row 4 col 0 val 4
Pushing green Row 4 col 4 val 4
Pushing red Row 4 col 1 val 2

Pushing from drawing algorithm 

Green squares 
Row 4 col 0 val 2
Row 4 col 4 val 2
Row 4 col 0 val 4
Row 4 col 4 val 4

Red squares 
Row 4 col 1 val 2

Pushing from drawing algorithm 

Green squares 
Row 4 col 0 val 2
Row 4 col 4 val 2
Row 4 col 0 val 4
Row 4 col 4 val 4

Red squares 
Row 4 col 1 val 2

Pushing from drawing algorithm 

Green squares 

Red squares 

Pushing from NakedPair algorithm, horizontal find 

Green squares 
Row 4 col 0 val 2
Row 4 col 4 val 2
Row 4 col 0 val 4
Row 4 col 4 val 4
Green squares 
Row 4 col 1 val 2

Pushing to colored rectangles from button 
Pushing green Row 4 col 0 val 2
Pushing green Row 4 col 4 val 2
Pushing green Row 4 col 0 val 4
Pushing green Row 4 col 4 val 4
Pushing red Row 4 col 1 val 2

Pushing from drawing algorithm 

Green squares 
Row 4 col 0 val 2
Row 4 col 4 val 2
Row 4 col 0 val 4
Row 4 col 4 val 4

Red squares 
Row 4 col 1 val 2

Pushing from drawing algorithm 

Green squares 

Red squares 

Pushing from NakedPair algorithm, horizontal find 

Green squares 
Row 4 col 0 val 2
Row 4 col 4 val 2
Row 4 col 0 val 4
Row 4 col 4 val 4
Green squares 
Row 4 col 1 val 2

Pushing to colored rectangles from button 
Pushing green Row 4 col 0 val 2
Pushing green Row 4 col 4 val 2
Pushing green Row 4 col 0 val 4
Pushing green Row 4 col 4 val 4
Pushing red Row 4 col 1 val 2

Pushing from drawing algorithm 

Green squares 
Row 4 col 0 val 2
Row 4 col 4 val 2
Row 4 col 0 val 4
Row 4 col 4 val 4

Red squares 
Row 4 col 1 val 2

Pushing from drawing algorithm 

Green squares 

Red squares 

Pushing from NakedPair algorithm, horizontal find 

Green squares 
Row 4 col 0 val 2
Row 4 col 4 val 2
Row 4 col 0 val 4
Row 4 col 4 val 4
Green squares 
Row 4 col 1 val 2

Pushing to colored rectangles from button 
Pushing green Row 4 col 0 val 2
Pushing green Row 4 col 4 val 2
Pushing green Row 4 col 0 val 4
Pushing green Row 4 col 4 val 4
Pushing red Row 4 col 1 val 2

Pushing from drawing algorithm 

Green squares 
Row 4 col 0 val 2
Row 4 col 4 val 2
Row 4 col 0 val 4
Row 4 col 4 val 4

Red squares 
Row 4 col 1 val 2

Pushing from drawing algorithm 

Green squares 

Red squares 

Pushing from drawing algorithm 

Green squares 

Red squares 

Pushing from NakedPair algorithm 

Green squares 
Row 5 col 2 val 3
Row 1 col 0 val 3
Row 5 col 2 val 4
Row 1 col 0 val 4
Green squares 
Row 0 col 0 val 2

Pushing to colored rectangles from button 
Pushing green Row 5 col 2 val 3
Pushing green Row 1 col 0 val 3
Pushing green Row 5 col 2 val 4
Pushing green Row 1 col 0 val 4
Pushing red Row 0 col 0 val 3

Pushing from drawing algorithm 

Green squares 
Row 5 col 2 val 3
Row 1 col 0 val 3
Row 5 col 2 val 4
Row 1 col 0 val 4

Red squares 
Row 0 col 0 val 3

Pushing from drawing algorithm 

Green squares 

Red squares 

Pushing from NakedPair algorithm 

Green squares 
Row 5 col 2 val 3
Row 1 col 0 val 3
Row 5 col 2 val 4
Row 1 col 0 val 4
Green squares 
Row 0 col 2 val 2

Pushing to colored rectangles from button 
Pushing green Row 5 col 2 val 3
Pushing green Row 1 col 0 val 3
Pushing green Row 5 col 2 val 4
Pushing green Row 1 col 0 val 4
Pushing red Row 0 col 2 val 3

Pushing from drawing algorithm 

Green squares 
Row 5 col 2 val 3
Row 1 col 0 val 3
Row 5 col 2 val 4
Row 1 col 0 val 4

Red squares 
Row 0 col 2 val 3

Pushing from drawing algorithm 

Green squares 

Red squares 

Pushing from NakedPair algorithm 

Green squares 
Row 5 col 2 val 3
Row 1 col 0 val 3
Row 5 col 2 val 4
Row 1 col 0 val 4
Green squares 
Row 0 col 3 val 2

Pushing to colored rectangles from button 
Pushing green Row 5 col 2 val 3
Pushing green Row 1 col 0 val 3
Pushing green Row 5 col 2 val 4
Pushing green Row 1 col 0 val 4
Pushing red Row 0 col 3 val 3

Pushing from drawing algorithm 

Green squares 
Row 5 col 2 val 3
Row 1 col 0 val 3
Row 5 col 2 val 4
Row 1 col 0 val 4

Red squares 
Row 0 col 3 val 3

Pushing from drawing algorithm 

Green squares 

Red squares 

Pushing from NakedPair algorithm 

Green squares 
Row 5 col 2 val 3
Row 1 col 0 val 3
Row 5 col 2 val 4
Row 1 col 0 val 4
Green squares 
Row 0 col 4 val 2

Pushing to colored rectangles from button 
Pushing green Row 5 col 2 val 3
Pushing green Row 1 col 0 val 3
Pushing green Row 5 col 2 val 4
Pushing green Row 1 col 0 val 4
Pushing red Row 0 col 4 val 3

Pushing from drawing algorithm 

Green squares 
Row 5 col 2 val 3
Row 1 col 0 val 3
Row 5 col 2 val 4
Row 1 col 0 val 4

Red squares 
Row 0 col 4 val 3

Pushing from drawing algorithm 

Green squares 

Red squares 

Pushing from drawing algorithm 

Green squares 

Red squares 

Pushing from NakedPair algorithm, vertical find 

Green squares 
Row 0 col 1 val 1
Row 1 col 1 val 1
Row 0 col 1 val 4
Row 1 col 1 val 4
Green squares 
Row 8 col 1 val 2

Pushing to colored rectangles from button 
Pushing green Row 0 col 1 val 1
Pushing green Row 1 col 1 val 1
Pushing green Row 0 col 1 val 4
Pushing green Row 1 col 1 val 4
Pushing red Row 8 col 1 val 1

Pushing from drawing algorithm 

Green squares 
Row 0 col 1 val 1
Row 1 col 1 val 1
Row 0 col 1 val 4
Row 1 col 1 val 4

Red squares 
Row 8 col 1 val 1

Pushing from drawing algorithm 

Green squares 

Red squares 

Pushing from NakedPair algorithm 

Green squares 
Row 0 col 1 val 1
Row 1 col 1 val 1
Row 0 col 1 val 4
Row 1 col 1 val 4
Green squares 
Row 0 col 0 val 2

Pushing to colored rectangles from button 
Pushing green Row 0 col 1 val 1
Pushing green Row 1 col 1 val 1
Pushing green Row 0 col 1 val 4
Pushing green Row 1 col 1 val 4
Pushing red Row 0 col 0 val 4

Pushing from drawing algorithm 

Green squares 
Row 0 col 1 val 1
Row 1 col 1 val 1
Row 0 col 1 val 4
Row 1 col 1 val 4

Red squares 
Row 0 col 0 val 4

Pushing from drawing algorithm 

Green squares 

Red squares 

Pushing from NakedPair algorithm, vertical find 

Green squares 
Row 3 col 3 val 3
Row 8 col 3 val 3
Row 3 col 3 val 8
Row 8 col 3 val 8
Green squares 
Row 2 col 3 val 2

Pushing to colored rectangles from button 
Pushing green Row 3 col 3 val 3
Pushing green Row 8 col 3 val 3
Pushing green Row 3 col 3 val 8
Pushing green Row 8 col 3 val 8
Pushing red Row 2 col 3 val 8

Pushing from drawing algorithm 

Green squares 
Row 3 col 3 val 3
Row 8 col 3 val 3
Row 3 col 3 val 8
Row 8 col 3 val 8

Red squares 
Row 2 col 3 val 8

Pushing from drawing algorithm 

Green squares 

Red squares 

Pushing from NakedPair algorithm, vertical find 

Green squares 
Row 3 col 3 val 3
Row 8 col 3 val 3
Row 3 col 3 val 8
Row 8 col 3 val 8
Green squares 
Row 4 col 3 val 2

Pushing to colored rectangles from button 
Pushing green Row 3 col 3 val 3
Pushing green Row 8 col 3 val 3
Pushing green Row 3 col 3 val 8
Pushing green Row 8 col 3 val 8
Pushing red Row 4 col 3 val 8

Pushing from drawing algorithm 

Green squares 
Row 3 col 3 val 3
Row 8 col 3 val 3
Row 3 col 3 val 8
Row 8 col 3 val 8

Red squares 
Row 4 col 3 val 8

Pushing from drawing algorithm 

Green squares 

Red squares 

Pushing from NakedPair algorithm, vertical find 

Green squares 
Row 4 col 2 val 2
Row 5 col 2 val 2
Row 4 col 2 val 6
Row 5 col 2 val 6
Green squares 
Row 6 col 2 val 2

Pushing to colored rectangles from button 
Pushing green Row 4 col 2 val 2
Pushing green Row 5 col 2 val 2
Pushing green Row 4 col 2 val 6
Pushing green Row 5 col 2 val 6
Pushing red Row 6 col 2 val 6

Pushing from drawing algorithm 

Green squares 
Row 4 col 2 val 2
Row 5 col 2 val 2
Row 4 col 2 val 6
Row 5 col 2 val 6

Red squares 
Row 6 col 2 val 6

Pushing from drawing algorithm 

Green squares 

Red squares 

Pushing from drawing algorithm 

Green squares 
Row 2 col 3 val 1

Red squares 

Pushing from drawing algorithm 

Green squares 

Red squares 

Pushing from drawing algorithm 

Green squares 
Row 2 col 5 val 8

Red squares 

Pushing from drawing algorithm 

Green squares 

Red squares 

Pushing from drawing algorithm 

Green squares 
Row 4 col 3 val 9

Red squares 

Pushing from drawing algorithm 

Green squares 

Red squares 

Pushing from drawing algorithm 

Green squares 
Row 6 col 2 val 1

Red squares 

Pushing from drawing algorithm 

Green squares 

Red squares 

Pushing from drawing algorithm 

Green squares 
Row 1 col 2 val 5

Red squares 

Pushing from drawing algorithm 

Green squares 

Red squares 

Pushing from NakedPair algorithm, horizontal find 

Green squares 
Row 6 col 6 val 6
Row 6 col 8 val 6
Row 6 col 6 val 8
Row 6 col 8 val 8
Green squares 
Row 6 col 4 val 2

Pushing to colored rectangles from button 
Pushing green Row 6 col 6 val 6
Pushing green Row 6 col 8 val 6
Pushing green Row 6 col 6 val 8
Pushing green Row 6 col 8 val 8
Pushing red Row 6 col 4 val 6

Pushing from drawing algorithm 

Green squares 
Row 6 col 6 val 6
Row 6 col 8 val 6
Row 6 col 6 val 8
Row 6 col 8 val 8

Red squares 
Row 6 col 4 val 6

Pushing from drawing algorithm 

Green squares 

Red squares 

Pushing from NakedPair algorithm, horizontal find 

Green squares 
Row 6 col 6 val 6
Row 6 col 8 val 6
Row 6 col 6 val 8
Row 6 col 8 val 8
Green squares 
Row 6 col 4 val 2

Pushing to colored rectangles from button 
Pushing green Row 6 col 6 val 6
Pushing green Row 6 col 8 val 6
Pushing green Row 6 col 6 val 8
Pushing green Row 6 col 8 val 8
Pushing red Row 6 col 4 val 8

Pushing from drawing algorithm 

Green squares 
Row 6 col 6 val 6
Row 6 col 8 val 6
Row 6 col 6 val 8
Row 6 col 8 val 8

Red squares 
Row 6 col 4 val 8

Pushing from drawing algorithm 

Green squares 

Red squares 

Pushing from drawing algorithm 

Green squares 
Row 1 col 5 val 3

Red squares 

Pushing from drawing algorithm 

Green squares 

Red squares 

Pushing from drawing algorithm 

Green squares 

Red squares 

