-------------------------------------------
Sudokusolver opened 05/20/13 19:20:22

Repainting
Initialized boards
Generated board
Total time taken - 1 seconds 1000 milliseconds
Copied board to True Panel
Repainting
Copied board to GuessGB
Full puzzle generated
Total time taken - 64 seconds 64000 milliseconds
Copied board to Guess Panel
Repainting
Repainting
-------------------------------------------
Sudokusolver opened 05/20/13 19:51:16

Repainting
Initialized boards
Generated board
Total time taken - 0 seconds 0 milliseconds
Copied board to True Panel
Repainting
Copied board to GuessGB
Full puzzle generated
Total time taken - 54 seconds 54000 milliseconds
Copied board to Guess Panel
Repainting
Repainting
Copied board to GuessGB
Full puzzle generated
Total time taken - 97 seconds 97000 milliseconds
Copied board to Guess Panel
Repainting
Not found at row 0 col 1
Not found at row 0 col 2
Not found at row 0 col 4
Not found at row 0 col 5
Not found at row 0 col 6
Not found at row 0 col 7
Not found at row 1 col 0
Not found at row 1 col 1
Not found at row 1 col 3
Not found at row 1 col 4
Not found at row 1 col 5
Not found at row 1 col 6
Not found at row 1 col 7
Not found at row 1 col 8
Not found at row 2 col 1
Not found at row 2 col 2
Not found at row 2 col 4
Not found at row 2 col 5
Not found at row 2 col 6
Not found at row 2 col 8
Not found at row 3 col 0
Not found at row 3 col 1
Not found at row 3 col 3
Not found at row 3 col 5
Not found at row 3 col 6
Not found at row 3 col 7
Not found at row 3 col 8
Not found at row 4 col 0
Not found at row 4 col 1
Not found at row 4 col 2
Not found at row 4 col 3
Not found at row 4 col 5
Not found at row 4 col 6
Not found at row 5 col 1
Not found at row 5 col 3
Not found at row 5 col 4
Found at row 5 col 8
Repainting
Not found at row 0 col 1
Not found at row 0 col 2
Not found at row 0 col 4
Not found at row 0 col 5
Not found at row 0 col 6
Not found at row 0 col 7
Not found at row 1 col 0
Not found at row 1 col 1
Not found at row 1 col 3
Not found at row 1 col 4
Not found at row 1 col 5
Not found at row 1 col 6
Not found at row 1 col 7
Not found at row 1 col 8
Not found at row 2 col 1
Not found at row 2 col 2
Not found at row 2 col 4
Not found at row 2 col 5
Not found at row 2 col 6
Not found at row 2 col 8
Not found at row 3 col 0
Not found at row 3 col 1
Not found at row 3 col 3
Not found at row 3 col 5
Not found at row 3 col 6
Not found at row 3 col 7
Not found at row 3 col 8
Not found at row 4 col 0
Not found at row 4 col 1
Not found at row 4 col 2
Not found at row 4 col 3
Not found at row 4 col 5
Not found at row 4 col 6
Not found at row 5 col 1
Not found at row 5 col 3
Not found at row 5 col 4
Not found at row 6 col 0
Not found at row 6 col 1
Not found at row 6 col 2
Not found at row 6 col 3
Not found at row 6 col 6
Not found at row 6 col 7
Not found at row 7 col 3
Not found at row 7 col 4
Not found at row 7 col 6
Not found at row 7 col 7
Not found at row 8 col 1
Not found at row 8 col 2
Not found at row 8 col 3
Not found at row 8 col 4
Not found at row 8 col 5
Not found at row 8 col 6
Not found at row 8 col 8
Not found at row 0 col 1
Not found at row 0 col 2
Not found at row 0 col 4
Not found at row 0 col 5
Not found at row 0 col 6
Not found at row 0 col 7
Not found at row 1 col 0
Not found at row 1 col 1
Not found at row 1 col 3
Not found at row 1 col 4
Not found at row 1 col 5
Not found at row 1 col 6
Not found at row 1 col 7
Not found at row 1 col 8
Not found at row 2 col 1
Not found at row 2 col 2
Not found at row 2 col 4
Not found at row 2 col 5
Not found at row 2 col 6
Not found at row 2 col 8
Not found at row 3 col 0
Not found at row 3 col 1
Not found at row 3 col 3
Not found at row 3 col 5
Not found at row 3 col 6
Not found at row 3 col 7
Not found at row 3 col 8
Not found at row 4 col 0
Not found at row 4 col 1
Not found at row 4 col 2
Not found at row 4 col 3
Not found at row 4 col 5
Not found at row 4 col 6
Not found at row 5 col 1
Not found at row 5 col 3
Not found at row 5 col 4
Not found at row 6 col 0
Not found at row 6 col 1
Not found at row 6 col 2
Not found at row 6 col 3
Not found at row 6 col 6
Not found at row 6 col 7
Not found at row 7 col 3
Not found at row 7 col 4
Not found at row 7 col 6
Not found at row 7 col 7
Not found at row 8 col 1
Not found at row 8 col 2
Not found at row 8 col 3
Not found at row 8 col 4
Not found at row 8 col 5
Not found at row 8 col 6
Not found at row 8 col 8
Not found at row 0 col 1
Not found at row 0 col 2
Not found at row 0 col 4
Not found at row 0 col 5
Not found at row 0 col 6
Not found at row 0 col 7
Not found at row 1 col 0
Not found at row 1 col 1
Not found at row 1 col 3
Not found at row 1 col 4
Not found at row 1 col 5
Not found at row 1 col 6
Not found at row 1 col 7
Not found at row 1 col 8
Not found at row 2 col 1
Not found at row 2 col 2
Not found at row 2 col 4
Not found at row 2 col 5
Not found at row 2 col 6
Not found at row 2 col 8
Not found at row 3 col 0
Not found at row 3 col 1
Not found at row 3 col 3
Not found at row 3 col 5
Not found at row 3 col 6
Not found at row 3 col 7
Not found at row 3 col 8
Not found at row 4 col 0
Not found at row 4 col 1
Not found at row 4 col 2
Not found at row 4 col 3
Not found at row 4 col 5
Not found at row 4 col 6
Not found at row 5 col 1
Not found at row 5 col 3
Not found at row 5 col 4
Not found at row 6 col 0
Not found at row 6 col 1
Not found at row 6 col 2
Not found at row 6 col 3
Not found at row 6 col 6
Not found at row 6 col 7
Not found at row 7 col 3
Not found at row 7 col 4
Not found at row 7 col 6
Not found at row 7 col 7
Not found at row 8 col 1
Not found at row 8 col 2
Not found at row 8 col 3
Not found at row 8 col 4
Not found at row 8 col 5
Not found at row 8 col 6
Not found at row 8 col 8
Not found at row 0 col 1
Not found at row 0 col 2
Not found at row 0 col 4
Not found at row 0 col 5
Not found at row 0 col 6
Not found at row 0 col 7
Not found at row 1 col 0
Not found at row 1 col 1
Not found at row 1 col 3
Not found at row 1 col 4
Not found at row 1 col 5
Not found at row 1 col 6
Not found at row 1 col 7
Not found at row 1 col 8
Not found at row 2 col 1
Not found at row 2 col 2
Not found at row 2 col 4
Not found at row 2 col 5
Not found at row 2 col 6
Not found at row 2 col 8
Not found at row 3 col 0
Not found at row 3 col 1
Not found at row 3 col 3
Not found at row 3 col 5
Not found at row 3 col 6
Not found at row 3 col 7
Not found at row 3 col 8
Not found at row 4 col 0
Not found at row 4 col 1
Not found at row 4 col 2
Not found at row 4 col 3
Not found at row 4 col 5
Not found at row 4 col 6
Not found at row 5 col 1
Not found at row 5 col 3
Not found at row 5 col 4
Not found at row 6 col 0
Not found at row 6 col 1
Not found at row 6 col 2
Not found at row 6 col 3
Not found at row 6 col 6
Not found at row 6 col 7
Not found at row 7 col 3
Not found at row 7 col 4
Not found at row 7 col 6
Not found at row 7 col 7
Not found at row 8 col 1
Not found at row 8 col 2
Not found at row 8 col 3
Not found at row 8 col 4
Not found at row 8 col 5
Not found at row 8 col 6
Not found at row 8 col 8
Repainting
Not found at row 0 col 1
Not found at row 0 col 2
Not found at row 0 col 4
Not found at row 0 col 5
Not found at row 0 col 6
Not found at row 0 col 7
Not found at row 1 col 0
Not found at row 1 col 1
Not found at row 1 col 3
Not found at row 1 col 4
Not found at row 1 col 5
Not found at row 1 col 6
Not found at row 1 col 7
Not found at row 1 col 8
Not found at row 2 col 1
Not found at row 2 col 2
Not found at row 2 col 4
Not found at row 2 col 5
Not found at row 2 col 6
Not found at row 2 col 8
Not found at row 3 col 0
Not found at row 3 col 1
Not found at row 3 col 3
Not found at row 3 col 5
Not found at row 3 col 6
Not found at row 3 col 7
Not found at row 3 col 8
Not found at row 4 col 0
Not found at row 4 col 1
Not found at row 4 col 2
Not found at row 4 col 3
Not found at row 4 col 5
Not found at row 4 col 6
Not found at row 5 col 1
Not found at row 5 col 3
Not found at row 5 col 4
Not found at row 6 col 0
Not found at row 6 col 1
Not found at row 6 col 2
Not found at row 6 col 3
Not found at row 6 col 6
Not found at row 6 col 7
Not found at row 7 col 3
Not found at row 7 col 4
Not found at row 7 col 6
Not found at row 7 col 7
Not found at row 8 col 1
Not found at row 8 col 2
Not found at row 8 col 3
Not found at row 8 col 4
Not found at row 8 col 5
Not found at row 8 col 6
Not found at row 8 col 8
Not found at row 0 col 1
Not found at row 0 col 2
Not found at row 0 col 4
Not found at row 0 col 5
Not found at row 0 col 6
Not found at row 0 col 7
Not found at row 1 col 0
Not found at row 1 col 1
Not found at row 1 col 3
Not found at row 1 col 4
Not found at row 1 col 5
Not found at row 1 col 6
Not found at row 1 col 7
Not found at row 1 col 8
Not found at row 2 col 1
Not found at row 2 col 2
Not found at row 2 col 4
Not found at row 2 col 5
Not found at row 2 col 6
Not found at row 2 col 8
Not found at row 3 col 0
Not found at row 3 col 1
Not found at row 3 col 3
Not found at row 3 col 5
Not found at row 3 col 6
Not found at row 3 col 7
Not found at row 3 col 8
Not found at row 4 col 0
Not found at row 4 col 1
Not found at row 4 col 2
Not found at row 4 col 3
Not found at row 4 col 5
Not found at row 4 col 6
Not found at row 5 col 1
Not found at row 5 col 3
Not found at row 5 col 4
Not found at row 6 col 0
Not found at row 6 col 1
Not found at row 6 col 2
Not found at row 6 col 3
Not found at row 6 col 6
Not found at row 6 col 7
Not found at row 7 col 3
Not found at row 7 col 4
Not found at row 7 col 6
Not found at row 7 col 7
Not found at row 8 col 1
Not found at row 8 col 2
Not found at row 8 col 3
Not found at row 8 col 4
Not found at row 8 col 5
Not found at row 8 col 6
Not found at row 8 col 8
Not found at row 0 col 1
Not found at row 0 col 2
Not found at row 0 col 4
Not found at row 0 col 5
Found at row 0 col 6
Repainting
Not found at row 0 col 1
Not found at row 0 col 2
Not found at row 0 col 4
Not found at row 0 col 5
Not found at row 0 col 7
Found at row 1 col 0
Repainting
Not found at row 0 col 1
Not found at row 0 col 2
Not found at row 0 col 4
Not found at row 0 col 5
Not found at row 0 col 7
Not found at row 1 col 1
Not found at row 1 col 3
Not found at row 1 col 4
Not found at row 1 col 5
Not found at row 1 col 6
Not found at row 1 col 7
Not found at row 1 col 8
Not found at row 2 col 1
Not found at row 2 col 2
Not found at row 2 col 4
Not found at row 2 col 5
Not found at row 2 col 6
Not found at row 2 col 8
Not found at row 3 col 0
Not found at row 3 col 1
Not found at row 3 col 3
Not found at row 3 col 5
Not found at row 3 col 6
Not found at row 3 col 7
Not found at row 3 col 8
Not found at row 4 col 0
Not found at row 4 col 1
Not found at row 4 col 2
Not found at row 4 col 3
Not found at row 4 col 5
Not found at row 4 col 6
Not found at row 5 col 1
Not found at row 5 col 3
Not found at row 5 col 4
Not found at row 6 col 0
Not found at row 6 col 1
Not found at row 6 col 2
Not found at row 6 col 3
Not found at row 6 col 6
Not found at row 6 col 7
Not found at row 7 col 3
Not found at row 7 col 4
Not found at row 7 col 6
Not found at row 7 col 7
Not found at row 8 col 1
Not found at row 8 col 2
Not found at row 8 col 3
Not found at row 8 col 4
Not found at row 8 col 5
Not found at row 8 col 6
Not found at row 8 col 8
Not found at row 0 col 1
Not found at row 0 col 2
Not found at row 0 col 4
Not found at row 0 col 5
Not found at row 0 col 7
Not found at row 1 col 1
Found at row 1 col 3
Repainting
Not found at row 0 col 1
Not found at row 0 col 2
Not found at row 0 col 4
Not found at row 0 col 5
Not found at row 0 col 7
Not found at row 1 col 1
Not found at row 1 col 4
Not found at row 1 col 5
Not found at row 1 col 6
Not found at row 1 col 7
Not found at row 1 col 8
Not found at row 2 col 1
Not found at row 2 col 2
Not found at row 2 col 4
Not found at row 2 col 5
Not found at row 2 col 6
Not found at row 2 col 8
Not found at row 3 col 0
Not found at row 3 col 1
Not found at row 3 col 3
Not found at row 3 col 5
Not found at row 3 col 6
Not found at row 3 col 7
Not found at row 3 col 8
Not found at row 4 col 0
Not found at row 4 col 1
Not found at row 4 col 2
Not found at row 4 col 3
Not found at row 4 col 5
Not found at row 4 col 6
Not found at row 5 col 1
Not found at row 5 col 3
Not found at row 5 col 4
Not found at row 6 col 0
Not found at row 6 col 1
Not found at row 6 col 2
Not found at row 6 col 3
Not found at row 6 col 6
Not found at row 6 col 7
Not found at row 7 col 3
Not found at row 7 col 4
Not found at row 7 col 6
Not found at row 7 col 7
Not found at row 8 col 1
Not found at row 8 col 2
Not found at row 8 col 3
Not found at row 8 col 4
Not found at row 8 col 5
Not found at row 8 col 6
Not found at row 8 col 8
Not found at row 0 col 1
Not found at row 0 col 2
Not found at row 0 col 4
Not found at row 0 col 5
Not found at row 0 col 7
Not found at row 1 col 1
Not found at row 1 col 4
Not found at row 1 col 5
Not found at row 1 col 6
Not found at row 1 col 7
Not found at row 1 col 8
Not found at row 2 col 1
Not found at row 2 col 2
Not found at row 2 col 4
Not found at row 2 col 5
Not found at row 2 col 6
Not found at row 2 col 8
Not found at row 3 col 0
Not found at row 3 col 1
Not found at row 3 col 3
Not found at row 3 col 5
Not found at row 3 col 6
Not found at row 3 col 7
Not found at row 3 col 8
Not found at row 4 col 0
Not found at row 4 col 1
Not found at row 4 col 2
Not found at row 4 col 3
Not found at row 4 col 5
Not found at row 4 col 6
Not found at row 5 col 1
Not found at row 5 col 3
Not found at row 5 col 4
Not found at row 6 col 0
Not found at row 6 col 1
Not found at row 6 col 2
Not found at row 6 col 3
Not found at row 6 col 6
Not found at row 6 col 7
Not found at row 7 col 3
Not found at row 7 col 4
Not found at row 7 col 6
Not found at row 7 col 7
Not found at row 8 col 1
Not found at row 8 col 2
Not found at row 8 col 3
Not found at row 8 col 4
Not found at row 8 col 5
Not found at row 8 col 6
Not found at row 8 col 8
Not found at row 0 col 1
Not found at row 0 col 2
Not found at row 0 col 4
Not found at row 0 col 5
Not found at row 0 col 7
Not found at row 1 col 1
Not found at row 1 col 4
Not found at row 1 col 5
Not found at row 1 col 6
Not found at row 1 col 7
Not found at row 1 col 8
Not found at row 2 col 1
Not found at row 2 col 2
Not found at row 2 col 4
Not found at row 2 col 5
Not found at row 2 col 6
Found at row 2 col 8
Repainting
Not found at row 0 col 1
Not found at row 0 col 2
Not found at row 0 col 4
Not found at row 0 col 5
Not found at row 0 col 7
Not found at row 1 col 1
Not found at row 1 col 4
Not found at row 1 col 5
Not found at row 1 col 6
Not found at row 1 col 7
Not found at row 1 col 8
Not found at row 2 col 1
Not found at row 2 col 2
Not found at row 2 col 4
Not found at row 2 col 5
Not found at row 2 col 6
Not found at row 3 col 0
Not found at row 3 col 1
Not found at row 3 col 3
Not found at row 3 col 5
Not found at row 3 col 6
Not found at row 3 col 7
Not found at row 3 col 8
Not found at row 4 col 0
Not found at row 4 col 1
Not found at row 4 col 2
Not found at row 4 col 3
Not found at row 4 col 5
Not found at row 4 col 6
Not found at row 5 col 1
Not found at row 5 col 3
Not found at row 5 col 4
Not found at row 6 col 0
Not found at row 6 col 1
Not found at row 6 col 2
Not found at row 6 col 3
Not found at row 6 col 6
Not found at row 6 col 7
Not found at row 7 col 3
Not found at row 7 col 4
Not found at row 7 col 6
Not found at row 7 col 7
Not found at row 8 col 1
Not found at row 8 col 2
Not found at row 8 col 3
Not found at row 8 col 4
Not found at row 8 col 5
Not found at row 8 col 6
Not found at row 8 col 8
Not found at row 0 col 1
Not found at row 0 col 2
Not found at row 0 col 4
Not found at row 0 col 5
Not found at row 0 col 7
Not found at row 1 col 1
Not found at row 1 col 4
Not found at row 1 col 5
Not found at row 1 col 6
Not found at row 1 col 7
Not found at row 1 col 8
Not found at row 2 col 1
Not found at row 2 col 2
Not found at row 2 col 4
Not found at row 2 col 5
Not found at row 2 col 6
Not found at row 3 col 0
Not found at row 3 col 1
Not found at row 3 col 3
Not found at row 3 col 5
Not found at row 3 col 6
Not found at row 3 col 7
Not found at row 3 col 8
Not found at row 4 col 0
Not found at row 4 col 1
Not found at row 4 col 2
Not found at row 4 col 3
Not found at row 4 col 5
Not found at row 4 col 6
Not found at row 5 col 1
Not found at row 5 col 3
Not found at row 5 col 4
Not found at row 6 col 0
Not found at row 6 col 1
Not found at row 6 col 2
Not found at row 6 col 3
Not found at row 6 col 6
Not found at row 6 col 7
Not found at row 7 col 3
Not found at row 7 col 4
Not found at row 7 col 6
Not found at row 7 col 7
Not found at row 8 col 1
Not found at row 8 col 2
Not found at row 8 col 3
Not found at row 8 col 4
Not found at row 8 col 5
Not found at row 8 col 6
Not found at row 8 col 8
Repainting
Repainting
Repainting
Not found at row 0 col 1
Not found at row 0 col 2
Not found at row 0 col 4
Not found at row 0 col 5
Not found at row 0 col 7
Not found at row 1 col 1
Not found at row 1 col 4
Not found at row 1 col 5
Not found at row 1 col 6
Not found at row 1 col 7
Not found at row 1 col 8
Not found at row 2 col 1
Not found at row 2 col 2
Not found at row 2 col 4
Not found at row 2 col 5
Not found at row 2 col 6
Not found at row 3 col 0
Not found at row 3 col 1
Not found at row 3 col 3
Not found at row 3 col 5
Not found at row 3 col 6
Not found at row 3 col 7
Not found at row 3 col 8
Not found at row 4 col 0
Not found at row 4 col 1
Not found at row 4 col 2
Not found at row 4 col 3
Not found at row 4 col 5
Not found at row 4 col 6
Found at row 5 col 1
Repainting
Not found at row 0 col 1
Not found at row 0 col 2
Not found at row 0 col 4
Not found at row 0 col 5
Not found at row 0 col 7
Not found at row 1 col 1
Not found at row 1 col 4
Not found at row 1 col 5
Not found at row 1 col 6
Not found at row 1 col 7
Not found at row 1 col 8
Not found at row 2 col 1
Not found at row 2 col 2
Not found at row 2 col 4
Not found at row 2 col 5
Not found at row 2 col 6
Not found at row 3 col 0
Not found at row 3 col 1
Not found at row 3 col 3
Not found at row 3 col 5
Not found at row 3 col 6
Not found at row 3 col 7
Not found at row 3 col 8
Not found at row 4 col 0
Not found at row 4 col 1
Not found at row 4 col 2
Not found at row 4 col 3
Not found at row 4 col 5
Not found at row 4 col 6
Not found at row 5 col 3
Not found at row 5 col 4
Not found at row 6 col 0
Not found at row 6 col 1
Not found at row 6 col 2
Not found at row 6 col 3
Not found at row 6 col 6
Not found at row 6 col 7
Not found at row 7 col 3
Not found at row 7 col 4
Not found at row 7 col 6
Not found at row 7 col 7
Not found at row 8 col 1
Not found at row 8 col 2
Not found at row 8 col 3
Not found at row 8 col 4
Not found at row 8 col 5
Not found at row 8 col 6
Not found at row 8 col 8
Not found at row 0 col 1
Not found at row 0 col 2
Not found at row 0 col 4
Not found at row 0 col 5
Not found at row 0 col 7
Not found at row 1 col 1
Not found at row 1 col 4
Not found at row 1 col 5
Not found at row 1 col 6
Not found at row 1 col 7
Not found at row 1 col 8
Not found at row 2 col 1
Not found at row 2 col 2
Not found at row 2 col 4
Not found at row 2 col 5
Not found at row 2 col 6
Found at row 3 col 0
Repainting
Repainting
