Board Initialized
-------------------------------------------
New GameBoard Created 05/19/13 15:31:15

Board Initialized
-------------------------------------------
New GameBoard Created 05/19/13 15:31:15

Board Initialized
-------------------------------------------
New GameBoard Created 05/19/13 15:31:15

Board Initialized
-------------------------------------------
New GameBoard Created 05/19/13 15:31:15

-------------------------------------------
Sudokusolver opened 05/19/13 15:31:15

Repainting
Board Initialized
-------------------------------------------
New GameBoard Created 05/19/13 15:31:45

Board Initialized
-------------------------------------------
New GameBoard Created 05/19/13 15:31:45

Board Initialized
-------------------------------------------
New GameBoard Created 05/19/13 15:31:45

Board Initialized
-------------------------------------------
New GameBoard Created 05/19/13 15:31:45

Board Initialized
Board Initialized
Reseting Columns
Added to col: 7, 9, 2, 8, 1, 6, 5, 3, 4, 
Added to col: 8, 1, 6, 4, 5, 3, 2, 7, 9, 
Added to col: 3, 4, 5, 2, 7, 9, 1, 6, 8, 
Added to col: 2, 8, 9, 7, 4, 1, 3, 5, 6, 
Added to col: 6, 5, 7, 3, 8, 2, 4, 9, 1, 
Added to col: 4, 3, 1, 9, 6, 5, 8, 2, 7, 
Added to col: 1, 2, 3, 6, 9, 8, 7, 4, 5, 
Added to col: 9, 7, 8, 5, 3, 4, 6, 1, 2, 
Added to col: 5, 6, 4, 1, 2, 7, 9, 8, 3, 
Reseting Rows
Added to row: 7, 9, 2, 8, 1, 6, 5, 3, 4, 
Added to row: 8, 1, 6, 4, 5, 3, 2, 7, 9, 
Added to row: 3, 4, 5, 2, 7, 9, 1, 6, 8, 
Added to row: 2, 8, 9, 7, 4, 1, 3, 5, 6, 
Added to row: 6, 5, 7, 3, 8, 2, 4, 9, 1, 
Added to row: 4, 3, 1, 9, 6, 5, 8, 2, 7, 
Added to row: 1, 2, 3, 6, 9, 8, 7, 4, 5, 
Added to row: 9, 7, 8, 5, 3, 4, 6, 1, 2, 
Added to row: 5, 6, 4, 1, 2, 7, 9, 8, 3, 
Reseting Sectors
Added to sector: 7, 9, 2, 8, 1, 6, 5, 3, 4, 
Added to sector: 8, 1, 6, 4, 5, 3, 2, 7, 9, 
Added to sector: 3, 4, 5, 2, 7, 9, 1, 6, 8, 
Added to sector: 2, 8, 9, 7, 4, 1, 3, 5, 6, 
Added to sector: 6, 5, 7, 3, 8, 2, 4, 9, 1, 
Added to sector: 4, 3, 1, 9, 6, 5, 8, 2, 7, 
Added to sector: 1, 2, 3, 6, 9, 8, 7, 4, 5, 
Added to sector: 9, 7, 8, 5, 3, 4, 6, 1, 2, 
Added to sector: 5, 6, 4, 1, 2, 7, 9, 8, 3, 
Board Initialized
-------------------------------------------
New GameBoard Created 05/19/13 15:32:03

Board Initialized
Board Initialized
-------------------------------------------
New GameBoard Created 05/19/13 15:32:03

Board Initialized
Board Initialized
-------------------------------------------
New GameBoard Created 05/19/13 15:32:03

Board Initialized
Board Initialized
-------------------------------------------
New GameBoard Created 05/19/13 15:32:04

Board Initialized
Board Initialized
-------------------------------------------
New GameBoard Created 05/19/13 15:32:04

Board Initialized
Board Initialized
-------------------------------------------
New GameBoard Created 05/19/13 15:32:05

Board Initialized
Board Initialized
-------------------------------------------
New GameBoard Created 05/19/13 15:32:06

Board Initialized
Board Initialized
-------------------------------------------
New GameBoard Created 05/19/13 15:32:07

Board Initialized
Board Initialized
-------------------------------------------
New GameBoard Created 05/19/13 15:32:08

Board Initialized
Board Initialized
-------------------------------------------
New GameBoard Created 05/19/13 15:32:09

Board Initialized
Board Initialized
-------------------------------------------
New GameBoard Created 05/19/13 15:32:10

Board Initialized
Board Initialized
-------------------------------------------
New GameBoard Created 05/19/13 15:32:11

Board Initialized
Board Initialized
-------------------------------------------
New GameBoard Created 05/19/13 15:32:13

Board Initialized
Board Initialized
-------------------------------------------
New GameBoard Created 05/19/13 15:32:15

Board Initialized
Board Initialized
-------------------------------------------
New GameBoard Created 05/19/13 15:32:17

Board Initialized
Board Initialized
-------------------------------------------
New GameBoard Created 05/19/13 15:32:20

Board Initialized
Board Initialized
-------------------------------------------
New GameBoard Created 05/19/13 15:32:24

Board Initialized
Board Initialized
-------------------------------------------
New GameBoard Created 05/19/13 15:32:27

Board Initialized
Board Initialized
-------------------------------------------
New GameBoard Created 05/19/13 15:32:30

Board Initialized
Board Initialized
-------------------------------------------
New GameBoard Created 05/19/13 15:32:32

Board Initialized
Board Initialized
-------------------------------------------
New GameBoard Created 05/19/13 15:32:35

Board Initialized
Board Initialized
-------------------------------------------
New GameBoard Created 05/19/13 15:32:37

Board Initialized
Board Initialized
-------------------------------------------
New GameBoard Created 05/19/13 15:32:39

Board Initialized
Board Initialized
-------------------------------------------
New GameBoard Created 05/19/13 15:32:41

Board Initialized
Board Initialized
-------------------------------------------
New GameBoard Created 05/19/13 15:32:44

Board Initialized
Board Initialized
-------------------------------------------
New GameBoard Created 05/19/13 15:32:48

Board Initialized
Board Initialized
-------------------------------------------
New GameBoard Created 05/19/13 15:32:54

Board Initialized
Board Initialized
-------------------------------------------
New GameBoard Created 05/19/13 15:33:00

Board Initialized
Board Initialized
-------------------------------------------
New GameBoard Created 05/19/13 15:33:03

Board Initialized
Board Initialized
-------------------------------------------
New GameBoard Created 05/19/13 15:33:07

Board Initialized
Board Initialized
-------------------------------------------
New GameBoard Created 05/19/13 15:33:12

Board Initialized
Board Initialized
-------------------------------------------
New GameBoard Created 05/19/13 15:33:16

Board Initialized
Board Initialized
-------------------------------------------
New GameBoard Created 05/19/13 15:33:20

Board Initialized
Board Initialized
-------------------------------------------
New GameBoard Created 05/19/13 15:33:26

Board Initialized
Board Initialized
-------------------------------------------
New GameBoard Created 05/19/13 15:33:33

Board Initialized
Board Initialized
-------------------------------------------
New GameBoard Created 05/19/13 15:33:40

Board Initialized
Board Initialized
-------------------------------------------
New GameBoard Created 05/19/13 15:33:46

Board Initialized
Board Initialized
-------------------------------------------
New GameBoard Created 05/19/13 15:33:52

Board Initialized
Board Initialized
-------------------------------------------
New GameBoard Created 05/19/13 15:33:59

Board Initialized
Board Initialized
-------------------------------------------
New GameBoard Created 05/19/13 15:34:11

Board Initialized
Board Initialized
-------------------------------------------
New GameBoard Created 05/19/13 15:34:18

Board Initialized
Board Initialized
-------------------------------------------
New GameBoard Created 05/19/13 15:34:27

Board Initialized
Board Initialized
-------------------------------------------
New GameBoard Created 05/19/13 15:34:52

Board Initialized
Board Initialized
-------------------------------------------
New GameBoard Created 05/19/13 15:35:03

Board Initialized
Board Initialized
-------------------------------------------
New GameBoard Created 05/19/13 15:35:11

Board Initialized
Board Initialized
-------------------------------------------
New GameBoard Created 05/19/13 15:35:30

Board Initialized
Board Initialized
-------------------------------------------
New GameBoard Created 05/19/13 15:35:42

Board Initialized
Board Initialized
-------------------------------------------
New GameBoard Created 05/19/13 15:35:53

Board Initialized
Board Initialized
-------------------------------------------
New GameBoard Created 05/19/13 15:36:09

Board Initialized
Board Initialized
-------------------------------------------
New GameBoard Created 05/19/13 15:36:26

Board Initialized
Board Initialized
-------------------------------------------
New GameBoard Created 05/19/13 15:36:44

Board Initialized
Board Initialized
-------------------------------------------
New GameBoard Created 05/19/13 15:36:53

Board Initialized
Board Initialized
-------------------------------------------
New GameBoard Created 05/19/13 15:37:14

Board Initialized
Board Initialized
-------------------------------------------
New GameBoard Created 05/19/13 15:37:37

Board Initialized
Board Initialized
-------------------------------------------
New GameBoard Created 05/19/13 15:37:53

Board Initialized
Board Initialized
-------------------------------------------
New GameBoard Created 05/19/13 15:38:09

Board Initialized
Board Initialized
-------------------------------------------
New GameBoard Created 05/19/13 15:38:22

Board Initialized
Board Initialized
-------------------------------------------
New GameBoard Created 05/19/13 15:38:35

Board Initialized
Board Initialized
-------------------------------------------
New GameBoard Created 05/19/13 15:38:52

Board Initialized
Board Initialized
-------------------------------------------
New GameBoard Created 05/19/13 15:39:02

Board Initialized
Board Initialized
-------------------------------------------
New GameBoard Created 05/19/13 15:39:19

Board Initialized
Board Initialized
-------------------------------------------
New GameBoard Created 05/19/13 15:39:35

Board Initialized
Board Initialized
-------------------------------------------
New GameBoard Created 05/19/13 15:39:51

Board Initialized
Board Initialized
-------------------------------------------
New GameBoard Created 05/19/13 15:40:17

Board Initialized
Board Initialized
-------------------------------------------
New GameBoard Created 05/19/13 15:40:33

Board Initialized
Board Initialized
-------------------------------------------
New GameBoard Created 05/19/13 15:41:01

Board Initialized
Board Initialized
-------------------------------------------
New GameBoard Created 05/19/13 15:41:20

Board Initialized
Board Initialized
-------------------------------------------
New GameBoard Created 05/19/13 15:41:35

Board Initialized
Board Initialized
-------------------------------------------
New GameBoard Created 05/19/13 15:42:20

Board Initialized
Board Initialized
-------------------------------------------
New GameBoard Created 05/19/13 15:43:10

Board Initialized
Board Initialized
-------------------------------------------
New GameBoard Created 05/19/13 15:43:57

Board Initialized
Board Initialized
-------------------------------------------
New GameBoard Created 05/19/13 15:44:48

Board Initialized
